SF:lib/data/datasources/tv_remote_data_source.dart
DA:29,1
DA:31,1
DA:34,4
DA:36,2
DA:37,4
DA:39,1
DA:43,1
DA:45,4
DA:47,2
DA:48,3
DA:50,1
DA:54,1
DA:57,4
DA:59,2
DA:60,4
DA:62,1
DA:66,1
DA:68,4
DA:70,2
DA:71,4
DA:73,1
DA:77,1
DA:80,4
DA:82,2
DA:83,4
DA:85,1
DA:89,1
DA:92,4
DA:94,2
DA:95,4
DA:97,1
DA:101,1
DA:103,1
DA:104,3
DA:106,2
DA:107,3
DA:109,1
LF:37
LH:37
end_of_record
SF:lib/data/models/season_detail_model.dart
DA:7,3
DA:23,1
DA:24,1
DA:25,1
DA:26,1
DA:27,1
DA:28,1
DA:29,1
DA:30,1
DA:31,4
DA:34,2
DA:35,1
DA:36,1
DA:37,1
DA:38,1
DA:39,1
DA:42,1
DA:43,1
DA:44,1
DA:45,1
DA:46,1
DA:47,1
DA:48,1
DA:49,3
DA:53,1
DA:54,3
LF:26
LH:26
end_of_record
SF:lib/data/models/tv_detail_model.dart
DA:8,2
DA:36,1
DA:37,1
DA:38,1
DA:39,1
DA:40,4
DA:41,1
DA:42,4
DA:43,1
DA:44,1
DA:45,2
DA:46,1
DA:47,2
DA:48,1
DA:49,1
DA:50,1
DA:51,1
DA:54,1
DA:55,1
DA:56,1
DA:57,1
DA:58,1
DA:59,1
DA:60,1
DA:61,1
DA:62,3
DA:63,3
DA:64,1
DA:65,1
DA:66,1
DA:67,1
DA:70,1
DA:71,1
DA:72,1
DA:73,1
DA:74,1
DA:75,1
DA:76,1
DA:77,1
DA:78,1
DA:79,1
DA:80,1
DA:81,1
DA:82,1
DA:83,1
DA:84,1
LF:46
LH:46
end_of_record
SF:lib/data/models/tv_response.dart
DA:7,2
DA:9,2
DA:10,2
DA:11,3
DA:12,3
DA:15,1
DA:16,1
LF:7
LH:7
end_of_record
SF:lib/data/datasources/tv_local_data_source.dart
DA:16,1
DA:18,1
DA:21,2
DA:24,2
DA:28,1
DA:30,2
DA:32,1
DA:38,1
DA:40,2
DA:41,4
DA:44,1
DA:47,2
DA:50,2
LF:13
LH:13
end_of_record
SF:lib/data/models/tv_model.dart
DA:6,3
DA:32,2
DA:33,1
DA:34,4
DA:35,1
DA:36,1
DA:37,2
DA:38,1
DA:39,2
DA:40,1
DA:41,1
DA:42,1
DA:43,1
DA:46,1
DA:47,1
DA:48,1
DA:49,1
DA:50,1
DA:51,1
DA:52,1
DA:53,1
DA:54,1
DA:55,1
DA:56,1
DA:57,1
DA:58,1
DA:61,1
DA:62,1
DA:63,1
DA:64,1
DA:65,1
DA:66,1
DA:67,1
DA:68,1
DA:69,1
DA:70,1
DA:71,1
DA:72,1
DA:73,1
DA:74,1
LF:40
LH:40
end_of_record
SF:lib/data/models/tv_table.dart
DA:12,17
DA:19,2
DA:20,1
DA:21,1
DA:22,1
DA:23,1
DA:26,2
DA:27,1
DA:28,1
DA:29,1
DA:30,1
DA:33,2
DA:34,1
DA:35,1
DA:36,1
DA:37,1
DA:40,2
DA:41,1
DA:42,1
DA:43,1
DA:44,1
DA:47,2
DA:48,10
LF:23
LH:23
end_of_record
SF:lib/domain/entities/season_detail.dart
DA:6,15
DA:22,2
DA:24,14
LF:3
LH:3
end_of_record
SF:lib/domain/entities/tv.dart
DA:5,8
DA:18,1
DA:37,7
DA:38,7
DA:39,7
DA:40,7
DA:41,7
DA:42,7
DA:43,7
DA:44,7
DA:45,7
DA:46,7
DA:47,7
DA:48,7
DA:49,7
LF:15
LH:15
end_of_record
SF:lib/domain/entities/tv_detail.dart
DA:8,6
DA:35,2
DA:36,2
DA:37,2
DA:38,2
DA:39,2
DA:40,2
DA:41,2
DA:42,2
DA:43,2
DA:44,2
DA:45,2
DA:46,2
DA:47,2
DA:48,2
LF:15
LH:15
end_of_record
SF:lib/data/models/episode_model.dart
DA:5,3
DA:21,4
DA:22,2
DA:23,2
DA:24,2
DA:25,2
DA:26,2
DA:27,2
DA:30,2
DA:31,1
DA:32,1
DA:33,1
DA:34,1
DA:35,1
DA:36,1
DA:39,1
DA:40,1
DA:41,1
DA:42,1
DA:43,1
DA:44,1
DA:45,1
DA:46,1
DA:49,1
DA:51,7
LF:25
LH:25
end_of_record
SF:lib/domain/entities/episode.dart
DA:4,2
DA:20,1
DA:22,7
LF:3
LH:3
end_of_record
SF:lib/data/models/genre_model.dart
DA:5,3
DA:13,4
DA:14,2
DA:15,2
DA:18,2
DA:19,1
DA:20,1
DA:23,1
DA:24,3
DA:27,2
DA:28,6
LF:11
LH:11
end_of_record
SF:lib/domain/entities/genre.dart
DA:4,2
DA:12,1
DA:13,3
LF:3
LH:3
end_of_record
SF:lib/data/models/season_model.dart
DA:5,2
DA:21,2
DA:22,1
DA:23,1
DA:24,1
DA:25,1
DA:26,1
DA:27,1
DA:30,2
DA:31,1
DA:32,1
DA:33,1
DA:34,1
DA:35,1
DA:36,1
DA:39,1
DA:40,1
DA:41,1
DA:42,1
DA:43,1
DA:44,1
DA:45,1
DA:46,1
DA:49,1
DA:50,3
LF:25
LH:25
end_of_record
SF:lib/domain/entities/season.dart
DA:4,2
DA:20,1
DA:22,7
LF:3
LH:3
end_of_record
SF:lib/data/repositories/tv_repository_impl.dart
DA:18,1
DA:23,1
DA:26,2
DA:27,5
DA:28,1
DA:30,1
DA:32,1
DA:37,1
DA:40,2
DA:41,2
DA:42,1
DA:44,1
DA:46,1
DA:51,1
DA:54,2
DA:55,3
DA:56,1
DA:58,1
DA:60,1
DA:65,1
DA:68,2
DA:69,5
DA:70,1
DA:72,1
DA:74,1
DA:79,1
DA:82,2
DA:83,5
DA:84,1
DA:86,1
DA:88,1
DA:93,1
DA:96,2
DA:97,5
DA:98,1
DA:100,1
DA:102,1
DA:107,1
DA:111,3
DA:112,1
DA:113,1
DA:114,3
DA:120,1
DA:124,3
DA:125,1
DA:126,1
DA:127,3
DA:131,1
DA:133,2
DA:137,1
DA:139,2
DA:140,5
DA:143,1
DA:147,2
DA:148,2
DA:149,1
DA:151,1
DA:153,1
LF:58
LH:58
end_of_record
SF:lib/domain/usecases/search_tv.dart
DA:9,1
DA:11,1
DA:12,2
LF:3
LH:3
end_of_record
SF:lib/domain/usecases/get_watchlist_status_tv.dart
DA:6,1
DA:8,1
DA:9,2
LF:3
LH:3
end_of_record
SF:lib/domain/usecases/get_now_playing_tv.dart
DA:9,1
DA:11,1
DA:12,2
LF:3
LH:3
end_of_record
SF:lib/domain/usecases/get_popular_tv.dart
DA:9,1
DA:11,1
DA:12,2
LF:3
LH:3
end_of_record
SF:lib/domain/usecases/get_tv_recommendations.dart
DA:9,1
DA:11,1
DA:12,2
LF:3
LH:3
end_of_record
SF:lib/domain/usecases/get_top_rated_tv.dart
DA:9,1
DA:11,1
DA:12,2
LF:3
LH:3
end_of_record
SF:lib/domain/usecases/remove_watchlist_tv.dart
DA:9,1
DA:11,1
DA:12,2
LF:3
LH:3
end_of_record
SF:lib/domain/usecases/get_season_detail.dart
DA:9,1
DA:11,1
DA:12,2
LF:3
LH:3
end_of_record
SF:lib/domain/usecases/save_watchlist_tv.dart
DA:9,1
DA:11,1
DA:12,2
LF:3
LH:3
end_of_record
SF:lib/domain/usecases/get_watchlist_tv.dart
DA:9,1
DA:11,1
DA:12,2
LF:3
LH:3
end_of_record
SF:lib/domain/usecases/get_tv_detail.dart
DA:9,1
DA:11,1
DA:12,2
LF:3
LH:3
end_of_record
SF:lib/presentation/bloc/tv_popular_bloc/tv_popular_bloc.dart
DA:10,3
DA:11,2
DA:12,2
DA:13,2
DA:15,1
DA:16,1
DA:17,3
DA:19,1
DA:20,2
LF:9
LH:9
end_of_record
SF:lib/presentation/bloc/tv_popular_bloc/tv_popular_event.dart
DA:4,1
DA:8,1
DA:10,1
DA:11,1
LF:4
LH:4
end_of_record
SF:lib/presentation/bloc/tv_popular_bloc/tv_popular_state.dart
DA:6,2
DA:8,1
DA:9,1
DA:19,2
DA:21,1
DA:22,2
DA:28,1
DA:30,1
DA:31,2
LF:9
LH:9
end_of_record
SF:lib/presentation/bloc/tv_now_playing_bloc/tv_now_playing_bloc.dart
DA:10,3
DA:11,2
DA:12,2
DA:13,2
DA:15,1
DA:16,1
DA:17,3
DA:19,1
DA:20,2
LF:9
LH:9
end_of_record
SF:lib/presentation/bloc/tv_now_playing_bloc/tv_now_playing_event.dart
DA:4,1
DA:8,1
DA:10,1
DA:11,1
LF:4
LH:4
end_of_record
SF:lib/presentation/bloc/tv_now_playing_bloc/tv_now_playing_state.dart
DA:6,2
DA:8,1
DA:9,1
DA:19,2
DA:21,1
DA:22,2
DA:28,1
DA:30,1
DA:31,2
LF:9
LH:9
end_of_record
SF:lib/presentation/bloc/tv_watchlist_bloc/tv_watchlist_bloc.dart
DA:19,1
DA:21,2
DA:22,2
DA:23,2
DA:24,2
DA:26,1
DA:27,1
DA:28,3
DA:30,1
DA:31,2
DA:36,2
DA:37,1
DA:38,2
DA:39,1
DA:40,2
DA:43,2
DA:44,1
DA:45,2
DA:46,2
DA:47,3
DA:48,1
DA:50,2
DA:51,1
DA:52,1
DA:56,2
DA:57,1
DA:58,2
DA:59,2
DA:60,3
DA:61,1
DA:63,2
DA:64,1
DA:65,1
LF:33
LH:33
end_of_record
SF:lib/presentation/bloc/tv_watchlist_bloc/tv_watchlist_event.dart
DA:6,2
DA:10,1
DA:12,1
DA:13,1
DA:19,1
DA:21,1
DA:22,1
DA:28,1
DA:30,1
DA:31,1
DA:37,1
DA:39,1
DA:40,1
LF:13
LH:13
end_of_record
SF:lib/presentation/bloc/tv_watchlist_bloc/tv_watchlist_state.dart
DA:6,2
DA:8,1
DA:9,1
DA:19,2
DA:21,1
DA:22,2
DA:28,1
DA:30,1
DA:31,2
DA:38,1
DA:40,1
DA:41,2
LF:12
LH:12
end_of_record
SF:lib/presentation/bloc/tv_top_rated_bloc/tv_top_rated_bloc.dart
DA:9,3
DA:10,2
DA:11,2
DA:12,2
DA:14,1
DA:15,1
DA:16,3
DA:18,1
DA:19,2
LF:9
LH:9
end_of_record
SF:lib/presentation/bloc/tv_top_rated_bloc/tv_top_rated_event.dart
DA:4,1
DA:8,1
DA:10,1
DA:11,1
LF:4
LH:4
end_of_record
SF:lib/presentation/bloc/tv_top_rated_bloc/tv_top_rated_state.dart
DA:6,2
DA:8,1
DA:9,1
DA:19,2
DA:21,1
DA:22,2
DA:28,1
DA:30,1
DA:31,2
LF:9
LH:9
end_of_record
SF:lib/presentation/bloc/season_detail_bloc/season_detail_bloc.dart
DA:9,3
DA:10,2
DA:11,1
DA:12,1
DA:14,2
DA:15,2
DA:16,1
DA:17,1
DA:18,3
DA:20,1
DA:21,2
LF:11
LH:11
end_of_record
SF:lib/presentation/bloc/season_detail_bloc/season_detail_event.dart
DA:4,1
DA:10,1
DA:12,1
DA:13,1
LF:4
LH:4
end_of_record
SF:lib/presentation/bloc/season_detail_bloc/season_detail_state.dart
DA:5,2
DA:7,1
DA:8,1
DA:18,2
DA:20,1
DA:21,2
DA:27,2
DA:29,1
DA:30,2
LF:9
LH:9
end_of_record
SF:lib/presentation/bloc/tv_detail_bloc/tv_detail_bloc.dart
DA:13,1
DA:14,2
DA:15,2
DA:16,1
DA:18,2
DA:19,2
DA:20,2
DA:21,2
DA:22,1
DA:23,1
DA:24,3
DA:26,1
DA:27,1
DA:28,1
DA:29,3
DA:31,1
DA:32,2
LF:17
LH:17
end_of_record
SF:lib/presentation/bloc/tv_detail_bloc/tv_detail_event.dart
DA:4,1
DA:9,1
DA:11,1
DA:12,1
LF:4
LH:4
end_of_record
SF:lib/presentation/bloc/tv_detail_bloc/tv_detail_state.dart
DA:7,2
DA:9,1
DA:10,1
DA:20,2
DA:22,1
DA:23,2
DA:31,1
DA:33,1
DA:34,4
LF:9
LH:9
end_of_record
SF:lib/presentation/bloc/tv_search_bloc/tv_search_bloc.dart
DA:11,3
DA:12,2
DA:13,1
DA:15,2
DA:16,2
DA:18,1
DA:19,1
DA:20,3
DA:22,1
DA:23,2
DA:26,1
DA:30,1
DA:31,3
LF:13
LH:13
end_of_record
SF:lib/presentation/bloc/tv_search_bloc/tv_search_event.dart
DA:4,1
DA:10,1
DA:12,1
DA:13,2
LF:4
LH:4
end_of_record
SF:lib/presentation/bloc/tv_search_bloc/tv_search_state.dart
DA:6,2
DA:8,1
DA:9,1
DA:19,2
DA:21,1
DA:22,2
DA:28,1
DA:30,1
DA:31,2
LF:9
LH:9
end_of_record
